<?xml version="1.0" encoding="UTF-8"?>
<coverage generated="1700726529136" clover="3.2.0">
  <project timestamp="1700726529136" name="All files">
    <metrics statements="225" coveredstatements="225" conditionals="75" coveredconditionals="68" methods="26" coveredmethods="25" elements="326" coveredelements="318" complexity="0" loc="225" ncloc="225" packages="1" files="2" classes="2"/>
    <file name="app.js" path="/home/azureuser/cpen321/RunIO/backend/app.js">
      <metrics statements="225" coveredstatements="225" conditionals="75" coveredconditionals="68" methods="26" coveredmethods="25"/>
      <line num="9" count="4" type="stmt"/>
      <line num="15" count="9" type="stmt"/>
      <line num="23" count="9" type="stmt"/>
      <line num="39" count="40" type="stmt"/>
      <line num="40" count="40" type="stmt"/>
      <line num="41" count="40" type="stmt"/>
      <line num="44" count="40" type="stmt"/>
      <line num="45" count="40" type="stmt"/>
      <line num="48" count="4" type="stmt"/>
      <line num="49" count="4" type="stmt"/>
      <line num="50" count="4" type="stmt"/>
      <line num="51" count="4" type="stmt"/>
      <line num="52" count="4" type="stmt"/>
      <line num="53" count="4" type="stmt"/>
      <line num="54" count="4" type="stmt"/>
      <line num="55" count="4" type="stmt"/>
      <line num="56" count="4" type="stmt"/>
      <line num="57" count="4" type="stmt"/>
      <line num="58" count="4" type="stmt"/>
      <line num="60" count="4" type="stmt"/>
      <line num="62" count="4" type="stmt"/>
      <line num="63" count="4" type="stmt"/>
      <line num="65" count="4" type="stmt"/>
      <line num="66" count="4" type="stmt"/>
      <line num="68" count="4" type="stmt"/>
      <line num="71" count="4" type="stmt"/>
      <line num="72" count="1" type="stmt"/>
      <line num="76" count="4" type="stmt"/>
      <line num="78" count="3" type="stmt"/>
      <line num="79" count="3" type="stmt"/>
      <line num="80" count="3" type="stmt"/>
      <line num="86" count="3" type="stmt"/>
      <line num="88" count="2" type="cond" truecount="2" falsecount="0"/>
      <line num="89" count="1" type="stmt"/>
      <line num="90" count="1" type="stmt"/>
      <line num="92" count="1" type="stmt"/>
      <line num="93" count="1" type="stmt"/>
      <line num="97" count="1" type="stmt"/>
      <line num="102" count="4" type="stmt"/>
      <line num="104" count="4" type="stmt"/>
      <line num="105" count="4" type="stmt"/>
      <line num="107" count="4" type="cond" truecount="4" falsecount="0"/>
      <line num="108" count="1" type="stmt"/>
      <line num="111" count="3" type="stmt"/>
      <line num="113" count="2" type="cond" truecount="2" falsecount="0"/>
      <line num="114" count="1" type="stmt"/>
      <line num="115" count="1" type="stmt"/>
      <line num="117" count="1" type="stmt"/>
      <line num="120" count="1" type="stmt"/>
      <line num="127" count="31" type="stmt"/>
      <line num="130" count="31" type="stmt"/>
      <line num="133" count="4" type="stmt"/>
      <line num="134" count="5" type="stmt"/>
      <line num="135" count="5" type="stmt"/>
      <line num="143" count="5" type="cond" truecount="2" falsecount="0"/>
      <line num="144" count="3" type="stmt"/>
      <line num="145" count="2" type="cond" truecount="2" falsecount="0"/>
      <line num="146" count="1" type="stmt"/>
      <line num="148" count="1" type="stmt"/>
      <line num="151" count="3" type="cond" truecount="2" falsecount="0"/>
      <line num="152" count="2" type="stmt"/>
      <line num="154" count="1" type="stmt"/>
      <line num="158" count="1" type="stmt"/>
      <line num="163" count="4" type="stmt"/>
      <line num="164" count="3" type="stmt"/>
      <line num="165" count="3" type="stmt"/>
      <line num="166" count="3" type="stmt"/>
      <line num="168" count="9" type="cond" truecount="4" falsecount="0"/>
      <line num="169" count="1" type="stmt"/>
      <line num="172" count="2" type="stmt"/>
      <line num="173" count="2" type="stmt"/>
      <line num="176" count="1" type="stmt"/>
      <line num="178" count="1" type="stmt"/>
      <line num="182" count="1" type="stmt"/>
      <line num="187" count="4" type="stmt"/>
      <line num="188" count="4" type="stmt"/>
      <line num="189" count="4" type="stmt"/>
      <line num="191" count="4" type="cond" truecount="2" falsecount="0"/>
      <line num="192" count="1" type="stmt"/>
      <line num="194" count="3" type="stmt"/>
      <line num="195" count="2" type="cond" truecount="2" falsecount="0"/>
      <line num="196" count="1" type="stmt"/>
      <line num="198" count="1" type="stmt"/>
      <line num="201" count="1" type="stmt"/>
      <line num="206" count="4" type="stmt"/>
      <line num="207" count="4" type="stmt"/>
      <line num="208" count="4" type="stmt"/>
      <line num="210" count="4" type="cond" truecount="2" falsecount="0"/>
      <line num="211" count="1" type="stmt"/>
      <line num="214" count="3" type="stmt"/>
      <line num="218" count="2" type="cond" truecount="2" falsecount="0"/>
      <line num="219" count="1" type="stmt"/>
      <line num="221" count="1" type="stmt"/>
      <line num="224" count="1" type="stmt"/>
      <line num="229" count="4" type="stmt"/>
      <line num="230" count="5" type="stmt"/>
      <line num="232" count="5" type="stmt"/>
      <line num="233" count="5" type="stmt"/>
      <line num="234" count="5" type="stmt"/>
      <line num="236" count="5" type="cond" truecount="5" falsecount="0"/>
      <line num="238" count="12" type="stmt"/>
      <line num="239" count="1" type="stmt"/>
      <line num="244" count="4" type="stmt"/>
      <line num="245" count="3" type="stmt"/>
      <line num="246" count="3" type="cond" truecount="4" falsecount="0"/>
      <line num="247" count="1" type="stmt"/>
      <line num="250" count="2" type="cond" truecount="4" falsecount="0"/>
      <line num="252" count="1" type="stmt"/>
      <line num="255" count="1" type="stmt"/>
      <line num="256" count="1" type="stmt"/>
      <line num="258" count="1" type="stmt"/>
      <line num="259" count="1" type="stmt"/>
      <line num="261" count="1" type="stmt"/>
      <line num="264" count="1" type="stmt"/>
      <line num="270" count="6" type="stmt"/>
      <line num="271" count="6" type="stmt"/>
      <line num="272" count="6" type="stmt"/>
      <line num="273" count="6" type="stmt"/>
      <line num="274" count="6" type="stmt"/>
      <line num="275" count="6" type="stmt"/>
      <line num="276" count="6" type="stmt"/>
      <line num="277" count="6" type="stmt"/>
      <line num="278" count="9" type="stmt"/>
      <line num="279" count="9" type="cond" truecount="4" falsecount="0"/>
      <line num="280" count="3" type="stmt"/>
      <line num="281" count="3" type="stmt"/>
      <line num="285" count="6" type="stmt"/>
      <line num="286" count="6" type="stmt"/>
      <line num="289" count="6" type="stmt"/>
      <line num="290" count="3" type="stmt"/>
      <line num="291" count="3" type="stmt"/>
      <line num="292" count="3" type="stmt"/>
      <line num="299" count="4" type="stmt"/>
      <line num="300" count="8" type="stmt"/>
      <line num="301" count="8" type="stmt"/>
      <line num="302" count="8" type="stmt"/>
      <line num="305" count="8" type="cond" truecount="4" falsecount="0"/>
      <line num="306" count="1" type="stmt"/>
      <line num="312" count="7" type="stmt"/>
      <line num="313" count="7" type="stmt"/>
      <line num="341" count="7" type="stmt"/>
      <line num="344" count="6" type="stmt"/>
      <line num="351" count="6" type="stmt"/>
      <line num="352" count="6" type="stmt"/>
      <line num="355" count="1" type="stmt"/>
      <line num="362" count="16" type="stmt"/>
      <line num="364" count="16" type="stmt"/>
      <line num="366" count="117" type="cond" truecount="3" falsecount="1"/>
      <line num="367" count="117" type="stmt"/>
      <line num="368" count="117" type="stmt"/>
      <line num="369" count="117" type="stmt"/>
      <line num="372" count="16" type="stmt"/>
      <line num="377" count="16" type="stmt"/>
      <line num="379" count="16" type="stmt"/>
      <line num="384" count="7" type="stmt"/>
      <line num="386" count="6" type="cond" truecount="1" falsecount="1"/>
      <line num="387" count="6" type="stmt"/>
      <line num="389" count="6" type="stmt"/>
      <line num="392" count="6" type="stmt"/>
      <line num="393" count="6" type="stmt"/>
      <line num="398" count="6" type="stmt"/>
      <line num="401" count="6" type="stmt"/>
      <line num="404" count="6" type="stmt"/>
      <line num="415" count="6" type="cond" truecount="4" falsecount="0"/>
      <line num="416" count="2" type="stmt"/>
      <line num="417" count="2" type="stmt"/>
      <line num="418" count="2" type="stmt"/>
      <line num="419" count="2" type="stmt"/>
      <line num="421" count="4" type="stmt"/>
      <line num="422" count="4" type="stmt"/>
      <line num="423" count="4" type="stmt"/>
      <line num="424" count="4" type="stmt"/>
      <line num="426" count="4" type="stmt"/>
      <line num="428" count="4" type="cond" truecount="2" falsecount="0"/>
      <line num="429" count="1" type="stmt"/>
      <line num="432" count="3" type="stmt"/>
      <line num="436" count="4" type="stmt"/>
      <line num="439" count="4" type="stmt"/>
      <line num="441" count="4" type="stmt"/>
      <line num="447" count="8" type="stmt"/>
      <line num="448" count="8" type="stmt"/>
      <line num="449" count="55" type="stmt"/>
      <line num="454" count="55" type="stmt"/>
      <line num="456" count="8" type="stmt"/>
      <line num="462" count="2" type="stmt"/>
      <line num="466" count="2" type="stmt"/>
      <line num="467" count="10" type="stmt"/>
      <line num="472" count="10" type="stmt"/>
      <line num="474" count="2" type="stmt"/>
      <line num="483" count="6" type="stmt"/>
      <line num="485" count="9" type="cond" truecount="2" falsecount="0"/>
      <line num="486" count="3" type="stmt"/>
      <line num="490" count="3" type="stmt"/>
      <line num="491" count="3" type="stmt"/>
      <line num="492" count="3" type="stmt"/>
      <line num="493" count="3" type="stmt"/>
      <line num="495" count="3" type="stmt"/>
      <line num="497" count="3" type="stmt"/>
      <line num="502" count="3" type="cond" truecount="1" falsecount="1"/>
      <line num="503" count="3" type="cond" truecount="2" falsecount="0"/>
      <line num="508" count="1" type="stmt"/>
      <line num="509" count="2" type="stmt"/>
      <line num="512" count="2" type="stmt"/>
      <line num="516" count="3" type="stmt"/>
      <line num="524" count="6" type="stmt"/>
      <line num="525" count="6" type="cond" truecount="1" falsecount="1"/>
      <line num="526" count="6" type="stmt"/>
      <line num="527" count="6" type="stmt"/>
      <line num="529" count="6" type="stmt"/>
      <line num="531" count="6" type="cond" truecount="2" falsecount="0"/>
      <line num="534" count="3" type="stmt"/>
      <line num="535" count="3" type="stmt"/>
      <line num="537" count="3" type="stmt"/>
      <line num="552" count="3" type="stmt"/>
      <line num="554" count="3" type="cond" truecount="1" falsecount="1"/>
      <line num="555" count="3" type="stmt"/>
      <line num="557" count="3" type="cond" truecount="1" falsecount="1"/>
      <line num="559" count="3" type="stmt"/>
      <line num="560" count="3" type="stmt"/>
      <line num="563" count="3" type="stmt"/>
      <line num="565" count="3" type="stmt"/>
      <line num="567" count="3" type="cond" truecount="1" falsecount="1"/>
      <line num="591" count="9" type="stmt"/>
      <line num="592" count="9" type="stmt"/>
      <line num="593" count="9" type="stmt"/>
    </file>
    <file name="runio-401718-firebase-adminsdk-ezjsi-797731a4a0.js" path="/home/azureuser/cpen321/RunIO/backend/runio-401718-firebase-adminsdk-ezjsi-797731a4a0.js">
      <metrics statements="0" coveredstatements="0" conditionals="0" coveredconditionals="0" methods="0" coveredmethods="0"/>
    </file>
  </project>
</coverage>
