{"/home/azureuser/cpen321/RunIO/backend/app.js": {"path":"/home/azureuser/cpen321/RunIO/backend/app.js","statementMap":{"0":{"start":{"line":9,"column":0},"end":{"line":11,"column":3}},"1":{"start":{"line":15,"column":18},"end":{"line":21,"column":3}},"2":{"start":{"line":23,"column":2},"end":{"line":31,"column":9}},"3":{"start":{"line":39,"column":2},"end":{"line":39,"column":36}},"4":{"start":{"line":40,"column":2},"end":{"line":40,"column":36}},"5":{"start":{"line":41,"column":2},"end":{"line":41,"column":36}},"6":{"start":{"line":44,"column":16},"end":{"line":44,"column":84}},"7":{"start":{"line":45,"column":2},"end":{"line":45,"column":15}},"8":{"start":{"line":48,"column":24},"end":{"line":48,"column":26}},"9":{"start":{"line":49,"column":0},"end":{"line":49,"column":50}},"10":{"start":{"line":50,"column":0},"end":{"line":50,"column":50}},"11":{"start":{"line":51,"column":0},"end":{"line":51,"column":50}},"12":{"start":{"line":52,"column":0},"end":{"line":52,"column":50}},"13":{"start":{"line":53,"column":0},"end":{"line":53,"column":50}},"14":{"start":{"line":54,"column":0},"end":{"line":54,"column":50}},"15":{"start":{"line":55,"column":0},"end":{"line":55,"column":50}},"16":{"start":{"line":56,"column":0},"end":{"line":56,"column":50}},"17":{"start":{"line":57,"column":0},"end":{"line":57,"column":50}},"18":{"start":{"line":58,"column":0},"end":{"line":58,"column":50}},"19":{"start":{"line":60,"column":10},"end":{"line":60,"column":19}},"20":{"start":{"line":62,"column":12},"end":{"line":62,"column":39}},"21":{"start":{"line":63,"column":15},"end":{"line":63,"column":35}},"22":{"start":{"line":65,"column":26},"end":{"line":65,"column":66}},"23":{"start":{"line":66,"column":26},"end":{"line":66,"column":66}},"24":{"start":{"line":68,"column":0},"end":{"line":68,"column":27}},"25":{"start":{"line":71,"column":0},"end":{"line":73,"column":2}},"26":{"start":{"line":72,"column":4},"end":{"line":72,"column":32}},"27":{"start":{"line":76,"column":0},"end":{"line":99,"column":3}},"28":{"start":{"line":78,"column":2},"end":{"line":98,"column":3}},"29":{"start":{"line":79,"column":28},"end":{"line":79,"column":38}},"30":{"start":{"line":80,"column":23},"end":{"line":80,"column":31}},"31":{"start":{"line":86,"column":27},"end":{"line":86,"column":88}},"32":{"start":{"line":88,"column":4},"end":{"line":94,"column":5}},"33":{"start":{"line":89,"column":21},"end":{"line":89,"column":119}},"34":{"start":{"line":90,"column":6},"end":{"line":90,"column":72}},"35":{"start":{"line":92,"column":21},"end":{"line":92,"column":66}},"36":{"start":{"line":93,"column":6},"end":{"line":93,"column":91}},"37":{"start":{"line":97,"column":4},"end":{"line":97,"column":59}},"38":{"start":{"line":102,"column":0},"end":{"line":122,"column":3}},"39":{"start":{"line":104,"column":2},"end":{"line":121,"column":3}},"40":{"start":{"line":105,"column":35},"end":{"line":105,"column":45}},"41":{"start":{"line":107,"column":4},"end":{"line":109,"column":5}},"42":{"start":{"line":108,"column":6},"end":{"line":108,"column":91}},"43":{"start":{"line":111,"column":27},"end":{"line":111,"column":91}},"44":{"start":{"line":113,"column":4},"end":{"line":118,"column":5}},"45":{"start":{"line":114,"column":21},"end":{"line":114,"column":132}},"46":{"start":{"line":115,"column":6},"end":{"line":115,"column":72}},"47":{"start":{"line":117,"column":6},"end":{"line":117,"column":65}},"48":{"start":{"line":120,"column":4},"end":{"line":120,"column":59}},"49":{"start":{"line":127,"column":26},"end":{"line":127,"column":45}},"50":{"start":{"line":130,"column":2},"end":{"line":130,"column":35}},"51":{"start":{"line":133,"column":0},"end":{"line":160,"column":3}},"52":{"start":{"line":134,"column":2},"end":{"line":159,"column":3}},"53":{"start":{"line":135,"column":23},"end":{"line":135,"column":33}},"54":{"start":{"line":143,"column":4},"end":{"line":149,"column":5}},"55":{"start":{"line":144,"column":6},"end":{"line":144,"column":80}},"56":{"start":{"line":145,"column":11},"end":{"line":149,"column":5}},"57":{"start":{"line":146,"column":6},"end":{"line":146,"column":86}},"58":{"start":{"line":148,"column":6},"end":{"line":148,"column":78}},"59":{"start":{"line":151,"column":4},"end":{"line":155,"column":5}},"60":{"start":{"line":152,"column":6},"end":{"line":152,"column":50}},"61":{"start":{"line":154,"column":6},"end":{"line":154,"column":65}},"62":{"start":{"line":158,"column":4},"end":{"line":158,"column":59}},"63":{"start":{"line":163,"column":0},"end":{"line":184,"column":3}},"64":{"start":{"line":164,"column":2},"end":{"line":183,"column":3}},"65":{"start":{"line":165,"column":22},"end":{"line":165,"column":30}},"66":{"start":{"line":166,"column":27},"end":{"line":166,"column":70}},"67":{"start":{"line":168,"column":4},"end":{"line":170,"column":5}},"68":{"start":{"line":168,"column":39},"end":{"line":168,"column":57}},"69":{"start":{"line":169,"column":6},"end":{"line":169,"column":72}},"70":{"start":{"line":172,"column":4},"end":{"line":172,"column":101}},"71":{"start":{"line":173,"column":24},"end":{"line":173,"column":120}},"72":{"start":{"line":176,"column":25},"end":{"line":176,"column":165}},"73":{"start":{"line":178,"column":4},"end":{"line":178,"column":93}},"74":{"start":{"line":182,"column":4},"end":{"line":182,"column":59}},"75":{"start":{"line":187,"column":0},"end":{"line":203,"column":3}},"76":{"start":{"line":188,"column":2},"end":{"line":202,"column":3}},"77":{"start":{"line":189,"column":24},"end":{"line":189,"column":34}},"78":{"start":{"line":191,"column":4},"end":{"line":193,"column":5}},"79":{"start":{"line":192,"column":6},"end":{"line":192,"column":68}},"80":{"start":{"line":194,"column":26},"end":{"line":194,"column":89}},"81":{"start":{"line":195,"column":4},"end":{"line":199,"column":5}},"82":{"start":{"line":196,"column":6},"end":{"line":196,"column":49}},"83":{"start":{"line":198,"column":6},"end":{"line":198,"column":64}},"84":{"start":{"line":201,"column":4},"end":{"line":201,"column":59}},"85":{"start":{"line":206,"column":0},"end":{"line":226,"column":3}},"86":{"start":{"line":207,"column":2},"end":{"line":225,"column":3}},"87":{"start":{"line":208,"column":24},"end":{"line":208,"column":34}},"88":{"start":{"line":210,"column":4},"end":{"line":212,"column":7}},"89":{"start":{"line":211,"column":8},"end":{"line":211,"column":70}},"90":{"start":{"line":214,"column":26},"end":{"line":216,"column":5}},"91":{"start":{"line":218,"column":4},"end":{"line":222,"column":5}},"92":{"start":{"line":219,"column":6},"end":{"line":219,"column":49}},"93":{"start":{"line":221,"column":6},"end":{"line":221,"column":64}},"94":{"start":{"line":224,"column":4},"end":{"line":224,"column":59}},"95":{"start":{"line":229,"column":0},"end":{"line":266,"column":3}},"96":{"start":{"line":230,"column":2},"end":{"line":265,"column":3}},"97":{"start":{"line":232,"column":34},"end":{"line":232,"column":44}},"98":{"start":{"line":233,"column":24},"end":{"line":233,"column":32}},"99":{"start":{"line":234,"column":27},"end":{"line":234,"column":68}},"100":{"start":{"line":236,"column":4},"end":{"line":240,"column":5}},"101":{"start":{"line":238,"column":37},"end":{"line":238,"column":57}},"102":{"start":{"line":239,"column":6},"end":{"line":239,"column":67}},"103":{"start":{"line":244,"column":19},"end":{"line":244,"column":83}},"104":{"start":{"line":245,"column":18},"end":{"line":245,"column":81}},"105":{"start":{"line":246,"column":4},"end":{"line":248,"column":5}},"106":{"start":{"line":247,"column":6},"end":{"line":247,"column":74}},"107":{"start":{"line":250,"column":4},"end":{"line":253,"column":5}},"108":{"start":{"line":252,"column":6},"end":{"line":252,"column":94}},"109":{"start":{"line":255,"column":4},"end":{"line":255,"column":55}},"110":{"start":{"line":256,"column":4},"end":{"line":256,"column":44}},"111":{"start":{"line":258,"column":24},"end":{"line":258,"column":164}},"112":{"start":{"line":259,"column":25},"end":{"line":259,"column":124}},"113":{"start":{"line":261,"column":4},"end":{"line":261,"column":59}},"114":{"start":{"line":264,"column":4},"end":{"line":264,"column":59}},"115":{"start":{"line":270,"column":17},"end":{"line":270,"column":81}},"116":{"start":{"line":271,"column":19},"end":{"line":271,"column":37}},"117":{"start":{"line":272,"column":20},"end":{"line":272,"column":22}},"118":{"start":{"line":273,"column":2},"end":{"line":284,"column":3}},"119":{"start":{"line":274,"column":18},"end":{"line":274,"column":95}},"120":{"start":{"line":275,"column":22},"end":{"line":275,"column":37}},"121":{"start":{"line":276,"column":17},"end":{"line":276,"column":39}},"122":{"start":{"line":277,"column":4},"end":{"line":283,"column":5}},"123":{"start":{"line":278,"column":26},"end":{"line":278,"column":35}},"124":{"start":{"line":279,"column":6},"end":{"line":282,"column":7}},"125":{"start":{"line":280,"column":26},"end":{"line":280,"column":95}},"126":{"start":{"line":281,"column":8},"end":{"line":281,"column":58}},"127":{"start":{"line":285,"column":2},"end":{"line":288,"column":3}},"128":{"start":{"line":286,"column":4},"end":{"line":286,"column":103}},"129":{"start":{"line":289,"column":2},"end":{"line":295,"column":3}},"130":{"start":{"line":290,"column":4},"end":{"line":294,"column":5}},"131":{"start":{"line":291,"column":28},"end":{"line":291,"column":47}},"132":{"start":{"line":292,"column":6},"end":{"line":292,"column":127}},"133":{"start":{"line":299,"column":0},"end":{"line":357,"column":3}},"134":{"start":{"line":300,"column":2},"end":{"line":356,"column":3}},"135":{"start":{"line":301,"column":25},"end":{"line":301,"column":35}},"136":{"start":{"line":302,"column":22},"end":{"line":302,"column":30}},"137":{"start":{"line":305,"column":4},"end":{"line":307,"column":5}},"138":{"start":{"line":306,"column":6},"end":{"line":306,"column":79}},"139":{"start":{"line":312,"column":21},"end":{"line":312,"column":53}},"140":{"start":{"line":313,"column":21},"end":{"line":313,"column":52}},"141":{"start":{"line":341,"column":4},"end":{"line":341,"column":47}},"142":{"start":{"line":344,"column":4},"end":{"line":344,"column":58}},"143":{"start":{"line":351,"column":4},"end":{"line":351,"column":32}},"144":{"start":{"line":352,"column":4},"end":{"line":352,"column":74}},"145":{"start":{"line":355,"column":4},"end":{"line":355,"column":59}},"146":{"start":{"line":362,"column":18},"end":{"line":362,"column":20}},"147":{"start":{"line":364,"column":2},"end":{"line":371,"column":3}},"148":{"start":{"line":366,"column":4},"end":{"line":370,"column":5}},"149":{"start":{"line":367,"column":16},"end":{"line":367,"column":39}},"150":{"start":{"line":368,"column":17},"end":{"line":368,"column":41}},"151":{"start":{"line":369,"column":6},"end":{"line":369,"column":34}},"152":{"start":{"line":372,"column":2},"end":{"line":372,"column":26}},"153":{"start":{"line":377,"column":20},"end":{"line":377,"column":43}},"154":{"start":{"line":379,"column":2},"end":{"line":379,"column":21}},"155":{"start":{"line":384,"column":17},"end":{"line":384,"column":81}},"156":{"start":{"line":386,"column":2},"end":{"line":406,"column":3}},"157":{"start":{"line":387,"column":26},"end":{"line":387,"column":44}},"158":{"start":{"line":389,"column":4},"end":{"line":405,"column":5}},"159":{"start":{"line":392,"column":20},"end":{"line":392,"column":50}},"160":{"start":{"line":393,"column":18},"end":{"line":393,"column":67}},"161":{"start":{"line":398,"column":20},"end":{"line":398,"column":54}},"162":{"start":{"line":401,"column":6},"end":{"line":401,"column":61}},"163":{"start":{"line":404,"column":6},"end":{"line":404,"column":47}},"164":{"start":{"line":415,"column":2},"end":{"line":420,"column":3}},"165":{"start":{"line":416,"column":25},"end":{"line":416,"column":27}},"166":{"start":{"line":417,"column":4},"end":{"line":417,"column":63}},"167":{"start":{"line":418,"column":4},"end":{"line":418,"column":60}},"168":{"start":{"line":419,"column":4},"end":{"line":419,"column":26}},"169":{"start":{"line":421,"column":23},"end":{"line":421,"column":25}},"170":{"start":{"line":422,"column":14},"end":{"line":422,"column":36}},"171":{"start":{"line":423,"column":2},"end":{"line":434,"column":3}},"172":{"start":{"line":424,"column":18},"end":{"line":424,"column":43}},"173":{"start":{"line":426,"column":15},"end":{"line":426,"column":41}},"174":{"start":{"line":428,"column":4},"end":{"line":433,"column":5}},"175":{"start":{"line":429,"column":6},"end":{"line":429,"column":19}},"176":{"start":{"line":432,"column":6},"end":{"line":432,"column":38}},"177":{"start":{"line":436,"column":2},"end":{"line":436,"column":44}},"178":{"start":{"line":439,"column":2},"end":{"line":439,"column":58}},"179":{"start":{"line":441,"column":2},"end":{"line":441,"column":24}},"180":{"start":{"line":447,"column":13},"end":{"line":447,"column":15}},"181":{"start":{"line":448,"column":2},"end":{"line":455,"column":3}},"182":{"start":{"line":449,"column":19},"end":{"line":452,"column":5}},"183":{"start":{"line":454,"column":4},"end":{"line":454,"column":24}},"184":{"start":{"line":456,"column":2},"end":{"line":456,"column":14}},"185":{"start":{"line":462,"column":13},"end":{"line":462,"column":15}},"186":{"start":{"line":466,"column":2},"end":{"line":473,"column":3}},"187":{"start":{"line":467,"column":19},"end":{"line":470,"column":5}},"188":{"start":{"line":472,"column":4},"end":{"line":472,"column":24}},"189":{"start":{"line":474,"column":2},"end":{"line":474,"column":14}},"190":{"start":{"line":483,"column":2},"end":{"line":519,"column":3}},"191":{"start":{"line":485,"column":4},"end":{"line":518,"column":5}},"192":{"start":{"line":486,"column":23},"end":{"line":486,"column":39}},"193":{"start":{"line":490,"column":27},"end":{"line":490,"column":29}},"194":{"start":{"line":491,"column":6},"end":{"line":515,"column":7}},"195":{"start":{"line":492,"column":22},"end":{"line":492,"column":35}},"196":{"start":{"line":493,"column":22},"end":{"line":493,"column":44}},"197":{"start":{"line":495,"column":22},"end":{"line":495,"column":46}},"198":{"start":{"line":497,"column":29},"end":{"line":497,"column":62}},"199":{"start":{"line":502,"column":8},"end":{"line":514,"column":9}},"200":{"start":{"line":503,"column":10},"end":{"line":513,"column":11}},"201":{"start":{"line":508,"column":12},"end":{"line":510,"column":13}},"202":{"start":{"line":509,"column":14},"end":{"line":509,"column":90}},"203":{"start":{"line":512,"column":12},"end":{"line":512,"column":63}},"204":{"start":{"line":516,"column":6},"end":{"line":516,"column":57}},"205":{"start":{"line":524,"column":17},"end":{"line":524,"column":81}},"206":{"start":{"line":525,"column":2},"end":{"line":547,"column":3}},"207":{"start":{"line":526,"column":4},"end":{"line":526,"column":36}},"208":{"start":{"line":527,"column":4},"end":{"line":527,"column":40}},"209":{"start":{"line":529,"column":19},"end":{"line":529,"column":160}},"210":{"start":{"line":531,"column":4},"end":{"line":542,"column":5}},"211":{"start":{"line":534,"column":28},"end":{"line":534,"column":46}},"212":{"start":{"line":535,"column":6},"end":{"line":538,"column":7}},"213":{"start":{"line":537,"column":8},"end":{"line":537,"column":79}},"214":{"start":{"line":552,"column":16},"end":{"line":552,"column":79}},"215":{"start":{"line":554,"column":2},"end":{"line":577,"column":3}},"216":{"start":{"line":555,"column":19},"end":{"line":555,"column":44}},"217":{"start":{"line":557,"column":4},"end":{"line":574,"column":5}},"218":{"start":{"line":559,"column":6},"end":{"line":559,"column":41}},"219":{"start":{"line":560,"column":6},"end":{"line":560,"column":35}},"220":{"start":{"line":563,"column":6},"end":{"line":563,"column":41}},"221":{"start":{"line":565,"column":32},"end":{"line":565,"column":122}},"222":{"start":{"line":567,"column":6},"end":{"line":571,"column":7}},"223":{"start":{"line":591,"column":14},"end":{"line":591,"column":37}},"224":{"start":{"line":592,"column":18},"end":{"line":592,"column":52}},"225":{"start":{"line":593,"column":2},"end":{"line":595,"column":4}}},"fnMap":{"0":{"name":"sendNotification","decl":{"start":{"line":14,"column":9},"end":{"line":14,"column":25}},"loc":{"start":{"line":14,"column":45},"end":{"line":32,"column":1}},"line":14},"1":{"name":"(anonymous_1)","decl":{"start":{"line":26,"column":12},"end":{"line":26,"column":13}},"loc":{"start":{"line":26,"column":26},"end":{"line":28,"column":7}},"line":26},"2":{"name":"(anonymous_2)","decl":{"start":{"line":29,"column":13},"end":{"line":29,"column":14}},"loc":{"start":{"line":29,"column":24},"end":{"line":31,"column":7}},"line":29},"3":{"name":"createColor","decl":{"start":{"line":35,"column":9},"end":{"line":35,"column":20}},"loc":{"start":{"line":35,"column":30},"end":{"line":46,"column":1}},"line":35},"4":{"name":"(anonymous_4)","decl":{"start":{"line":71,"column":13},"end":{"line":71,"column":14}},"loc":{"start":{"line":71,"column":24},"end":{"line":73,"column":1}},"line":71},"5":{"name":"(anonymous_5)","decl":{"start":{"line":76,"column":32},"end":{"line":76,"column":33}},"loc":{"start":{"line":76,"column":52},"end":{"line":99,"column":1}},"line":76},"6":{"name":"(anonymous_6)","decl":{"start":{"line":102,"column":48},"end":{"line":102,"column":49}},"loc":{"start":{"line":102,"column":68},"end":{"line":122,"column":1}},"line":102},"7":{"name":"isValidObjectId","decl":{"start":{"line":125,"column":9},"end":{"line":125,"column":24}},"loc":{"start":{"line":125,"column":30},"end":{"line":131,"column":1}},"line":125},"8":{"name":"(anonymous_8)","decl":{"start":{"line":133,"column":27},"end":{"line":133,"column":28}},"loc":{"start":{"line":133,"column":47},"end":{"line":160,"column":1}},"line":133},"9":{"name":"(anonymous_9)","decl":{"start":{"line":163,"column":19},"end":{"line":163,"column":20}},"loc":{"start":{"line":163,"column":39},"end":{"line":184,"column":1}},"line":163},"10":{"name":"(anonymous_10)","decl":{"start":{"line":168,"column":30},"end":{"line":168,"column":31}},"loc":{"start":{"line":168,"column":39},"end":{"line":168,"column":57}},"line":168},"11":{"name":"(anonymous_11)","decl":{"start":{"line":187,"column":27},"end":{"line":187,"column":28}},"loc":{"start":{"line":187,"column":47},"end":{"line":203,"column":1}},"line":187},"12":{"name":"(anonymous_12)","decl":{"start":{"line":206,"column":37},"end":{"line":206,"column":38}},"loc":{"start":{"line":206,"column":57},"end":{"line":226,"column":1}},"line":206},"13":{"name":"(anonymous_13)","decl":{"start":{"line":229,"column":44},"end":{"line":229,"column":45}},"loc":{"start":{"line":229,"column":64},"end":{"line":266,"column":1}},"line":229},"14":{"name":"(anonymous_14)","decl":{"start":{"line":238,"column":28},"end":{"line":238,"column":29}},"loc":{"start":{"line":238,"column":37},"end":{"line":238,"column":57}},"line":238},"15":{"name":"notifyLobby","decl":{"start":{"line":269,"column":15},"end":{"line":269,"column":26}},"loc":{"start":{"line":269,"column":37},"end":{"line":296,"column":1}},"line":269},"16":{"name":"(anonymous_16)","decl":{"start":{"line":299,"column":34},"end":{"line":299,"column":35}},"loc":{"start":{"line":299,"column":54},"end":{"line":357,"column":1}},"line":299},"17":{"name":"pathToPolygon","decl":{"start":{"line":360,"column":9},"end":{"line":360,"column":22}},"loc":{"start":{"line":360,"column":29},"end":{"line":380,"column":1}},"line":360},"18":{"name":"updateLobbyMaps","decl":{"start":{"line":383,"column":15},"end":{"line":383,"column":30}},"loc":{"start":{"line":383,"column":52},"end":{"line":411,"column":1}},"line":383},"19":{"name":"unionLand","decl":{"start":{"line":414,"column":9},"end":{"line":414,"column":18}},"loc":{"start":{"line":414,"column":52},"end":{"line":442,"column":1}},"line":414},"20":{"name":"polygonToLand","decl":{"start":{"line":445,"column":9},"end":{"line":445,"column":22}},"loc":{"start":{"line":445,"column":29},"end":{"line":457,"column":1}},"line":445},"21":{"name":"polygonToLand2","decl":{"start":{"line":460,"column":9},"end":{"line":460,"column":23}},"loc":{"start":{"line":460,"column":30},"end":{"line":475,"column":1}},"line":460},"22":{"name":"subtractLand","decl":{"start":{"line":478,"column":9},"end":{"line":478,"column":21}},"loc":{"start":{"line":478,"column":50},"end":{"line":520,"column":1}},"line":478},"23":{"name":"updatePlayerStats","decl":{"start":{"line":523,"column":15},"end":{"line":523,"column":32}},"loc":{"start":{"line":523,"column":62},"end":{"line":548,"column":1}},"line":523},"24":{"name":"updatePlayerLobbyStats","decl":{"start":{"line":551,"column":15},"end":{"line":551,"column":37}},"loc":{"start":{"line":551,"column":77},"end":{"line":578,"column":1}},"line":551},"25":{"name":"updateMapInLobby","decl":{"start":{"line":586,"column":15},"end":{"line":586,"column":31}},"loc":{"start":{"line":586,"column":59},"end":{"line":596,"column":1}},"line":586}},"branchMap":{"0":{"loc":{"start":{"line":88,"column":4},"end":{"line":94,"column":5}},"type":"if","locations":[{"start":{"line":88,"column":4},"end":{"line":94,"column":5}},{"start":{"line":91,"column":11},"end":{"line":94,"column":5}}],"line":88},"1":{"loc":{"start":{"line":107,"column":4},"end":{"line":109,"column":5}},"type":"if","locations":[{"start":{"line":107,"column":4},"end":{"line":109,"column":5}},{"start":{},"end":{}}],"line":107},"2":{"loc":{"start":{"line":107,"column":8},"end":{"line":107,"column":47}},"type":"binary-expr","locations":[{"start":{"line":107,"column":8},"end":{"line":107,"column":34}},{"start":{"line":107,"column":38},"end":{"line":107,"column":47}}],"line":107},"3":{"loc":{"start":{"line":113,"column":4},"end":{"line":118,"column":5}},"type":"if","locations":[{"start":{"line":113,"column":4},"end":{"line":118,"column":5}},{"start":{"line":116,"column":11},"end":{"line":118,"column":5}}],"line":113},"4":{"loc":{"start":{"line":143,"column":4},"end":{"line":149,"column":5}},"type":"if","locations":[{"start":{"line":143,"column":4},"end":{"line":149,"column":5}},{"start":{"line":145,"column":11},"end":{"line":149,"column":5}}],"line":143},"5":{"loc":{"start":{"line":145,"column":11},"end":{"line":149,"column":5}},"type":"if","locations":[{"start":{"line":145,"column":11},"end":{"line":149,"column":5}},{"start":{"line":147,"column":9},"end":{"line":149,"column":5}}],"line":145},"6":{"loc":{"start":{"line":151,"column":4},"end":{"line":155,"column":5}},"type":"if","locations":[{"start":{"line":151,"column":4},"end":{"line":155,"column":5}},{"start":{"line":153,"column":11},"end":{"line":155,"column":5}}],"line":151},"7":{"loc":{"start":{"line":168,"column":4},"end":{"line":170,"column":5}},"type":"if","locations":[{"start":{"line":168,"column":4},"end":{"line":170,"column":5}},{"start":{},"end":{}}],"line":168},"8":{"loc":{"start":{"line":168,"column":8},"end":{"line":168,"column":107}},"type":"binary-expr","locations":[{"start":{"line":168,"column":8},"end":{"line":168,"column":58}},{"start":{"line":168,"column":62},"end":{"line":168,"column":107}}],"line":168},"9":{"loc":{"start":{"line":191,"column":4},"end":{"line":193,"column":5}},"type":"if","locations":[{"start":{"line":191,"column":4},"end":{"line":193,"column":5}},{"start":{},"end":{}}],"line":191},"10":{"loc":{"start":{"line":195,"column":4},"end":{"line":199,"column":5}},"type":"if","locations":[{"start":{"line":195,"column":4},"end":{"line":199,"column":5}},{"start":{"line":197,"column":11},"end":{"line":199,"column":5}}],"line":195},"11":{"loc":{"start":{"line":210,"column":4},"end":{"line":212,"column":7}},"type":"if","locations":[{"start":{"line":210,"column":4},"end":{"line":212,"column":7}},{"start":{},"end":{}}],"line":210},"12":{"loc":{"start":{"line":218,"column":4},"end":{"line":222,"column":5}},"type":"if","locations":[{"start":{"line":218,"column":4},"end":{"line":222,"column":5}},{"start":{"line":220,"column":11},"end":{"line":222,"column":5}}],"line":218},"13":{"loc":{"start":{"line":236,"column":4},"end":{"line":240,"column":5}},"type":"if","locations":[{"start":{"line":236,"column":4},"end":{"line":240,"column":5}},{"start":{},"end":{}}],"line":236},"14":{"loc":{"start":{"line":236,"column":8},"end":{"line":238,"column":58}},"type":"binary-expr","locations":[{"start":{"line":236,"column":8},"end":{"line":236,"column":33}},{"start":{"line":237,"column":6},"end":{"line":237,"column":32}},{"start":{"line":238,"column":6},"end":{"line":238,"column":58}}],"line":236},"15":{"loc":{"start":{"line":246,"column":4},"end":{"line":248,"column":5}},"type":"if","locations":[{"start":{"line":246,"column":4},"end":{"line":248,"column":5}},{"start":{},"end":{}}],"line":246},"16":{"loc":{"start":{"line":246,"column":8},"end":{"line":246,"column":25}},"type":"binary-expr","locations":[{"start":{"line":246,"column":8},"end":{"line":246,"column":15}},{"start":{"line":246,"column":19},"end":{"line":246,"column":25}}],"line":246},"17":{"loc":{"start":{"line":250,"column":4},"end":{"line":253,"column":5}},"type":"if","locations":[{"start":{"line":250,"column":4},"end":{"line":253,"column":5}},{"start":{},"end":{}}],"line":250},"18":{"loc":{"start":{"line":250,"column":8},"end":{"line":250,"column":87}},"type":"binary-expr","locations":[{"start":{"line":250,"column":8},"end":{"line":250,"column":46}},{"start":{"line":250,"column":50},"end":{"line":250,"column":87}}],"line":250},"19":{"loc":{"start":{"line":279,"column":6},"end":{"line":282,"column":7}},"type":"if","locations":[{"start":{"line":279,"column":6},"end":{"line":282,"column":7}},{"start":{},"end":{}}],"line":279},"20":{"loc":{"start":{"line":279,"column":9},"end":{"line":279,"column":75}},"type":"binary-expr","locations":[{"start":{"line":279,"column":9},"end":{"line":279,"column":46}},{"start":{"line":279,"column":50},"end":{"line":279,"column":75}}],"line":279},"21":{"loc":{"start":{"line":305,"column":4},"end":{"line":307,"column":5}},"type":"if","locations":[{"start":{"line":305,"column":4},"end":{"line":307,"column":5}},{"start":{},"end":{}}],"line":305},"22":{"loc":{"start":{"line":305,"column":8},"end":{"line":305,"column":48}},"type":"binary-expr","locations":[{"start":{"line":305,"column":8},"end":{"line":305,"column":34}},{"start":{"line":305,"column":38},"end":{"line":305,"column":48}}],"line":305},"23":{"loc":{"start":{"line":366,"column":4},"end":{"line":370,"column":5}},"type":"if","locations":[{"start":{"line":366,"column":4},"end":{"line":370,"column":5}},{"start":{},"end":{}}],"line":366},"24":{"loc":{"start":{"line":366,"column":8},"end":{"line":366,"column":59}},"type":"binary-expr","locations":[{"start":{"line":366,"column":8},"end":{"line":366,"column":31}},{"start":{"line":366,"column":35},"end":{"line":366,"column":59}}],"line":366},"25":{"loc":{"start":{"line":386,"column":2},"end":{"line":406,"column":3}},"type":"if","locations":[{"start":{"line":386,"column":2},"end":{"line":406,"column":3}},{"start":{},"end":{}}],"line":386},"26":{"loc":{"start":{"line":415,"column":2},"end":{"line":420,"column":3}},"type":"if","locations":[{"start":{"line":415,"column":2},"end":{"line":420,"column":3}},{"start":{},"end":{}}],"line":415},"27":{"loc":{"start":{"line":415,"column":6},"end":{"line":415,"column":38}},"type":"binary-expr","locations":[{"start":{"line":415,"column":6},"end":{"line":415,"column":14}},{"start":{"line":415,"column":18},"end":{"line":415,"column":38}}],"line":415},"28":{"loc":{"start":{"line":428,"column":4},"end":{"line":433,"column":5}},"type":"if","locations":[{"start":{"line":428,"column":4},"end":{"line":433,"column":5}},{"start":{"line":431,"column":9},"end":{"line":433,"column":5}}],"line":428},"29":{"loc":{"start":{"line":485,"column":4},"end":{"line":518,"column":5}},"type":"if","locations":[{"start":{"line":485,"column":4},"end":{"line":518,"column":5}},{"start":{},"end":{}}],"line":485},"30":{"loc":{"start":{"line":502,"column":8},"end":{"line":514,"column":9}},"type":"if","locations":[{"start":{"line":502,"column":8},"end":{"line":514,"column":9}},{"start":{},"end":{}}],"line":502},"31":{"loc":{"start":{"line":503,"column":10},"end":{"line":513,"column":11}},"type":"if","locations":[{"start":{"line":503,"column":10},"end":{"line":513,"column":11}},{"start":{"line":511,"column":17},"end":{"line":513,"column":11}}],"line":503},"32":{"loc":{"start":{"line":525,"column":2},"end":{"line":547,"column":3}},"type":"if","locations":[{"start":{"line":525,"column":2},"end":{"line":547,"column":3}},{"start":{"line":544,"column":7},"end":{"line":547,"column":3}}],"line":525},"33":{"loc":{"start":{"line":531,"column":4},"end":{"line":542,"column":5}},"type":"if","locations":[{"start":{"line":531,"column":4},"end":{"line":542,"column":5}},{"start":{"line":539,"column":11},"end":{"line":542,"column":5}}],"line":531},"34":{"loc":{"start":{"line":554,"column":2},"end":{"line":577,"column":3}},"type":"if","locations":[{"start":{"line":554,"column":2},"end":{"line":577,"column":3}},{"start":{"line":575,"column":9},"end":{"line":577,"column":3}}],"line":554},"35":{"loc":{"start":{"line":557,"column":4},"end":{"line":574,"column":5}},"type":"if","locations":[{"start":{"line":557,"column":4},"end":{"line":574,"column":5}},{"start":{"line":572,"column":11},"end":{"line":574,"column":5}}],"line":557},"36":{"loc":{"start":{"line":567,"column":6},"end":{"line":571,"column":7}},"type":"if","locations":[{"start":{"line":567,"column":6},"end":{"line":571,"column":7}},{"start":{"line":569,"column":13},"end":{"line":571,"column":7}}],"line":567}},"s":{"0":4,"1":9,"2":9,"3":40,"4":40,"5":40,"6":40,"7":40,"8":4,"9":4,"10":4,"11":4,"12":4,"13":4,"14":4,"15":4,"16":4,"17":4,"18":4,"19":4,"20":4,"21":4,"22":4,"23":4,"24":4,"25":4,"26":1,"27":4,"28":3,"29":3,"30":3,"31":3,"32":2,"33":1,"34":1,"35":1,"36":1,"37":1,"38":4,"39":4,"40":4,"41":4,"42":1,"43":3,"44":2,"45":1,"46":1,"47":1,"48":1,"49":31,"50":31,"51":4,"52":5,"53":5,"54":5,"55":3,"56":2,"57":1,"58":1,"59":3,"60":2,"61":1,"62":1,"63":4,"64":3,"65":3,"66":3,"67":3,"68":9,"69":1,"70":2,"71":2,"72":1,"73":1,"74":1,"75":4,"76":4,"77":4,"78":4,"79":1,"80":3,"81":2,"82":1,"83":1,"84":1,"85":4,"86":4,"87":4,"88":4,"89":1,"90":3,"91":2,"92":1,"93":1,"94":1,"95":4,"96":5,"97":5,"98":5,"99":5,"100":5,"101":12,"102":1,"103":4,"104":3,"105":3,"106":1,"107":2,"108":1,"109":1,"110":1,"111":1,"112":1,"113":1,"114":1,"115":6,"116":6,"117":6,"118":6,"119":6,"120":6,"121":6,"122":6,"123":9,"124":9,"125":3,"126":3,"127":6,"128":6,"129":6,"130":3,"131":3,"132":3,"133":4,"134":8,"135":8,"136":8,"137":8,"138":1,"139":7,"140":7,"141":7,"142":6,"143":6,"144":6,"145":1,"146":16,"147":16,"148":117,"149":117,"150":117,"151":117,"152":16,"153":16,"154":16,"155":7,"156":6,"157":6,"158":6,"159":6,"160":6,"161":6,"162":6,"163":6,"164":6,"165":2,"166":2,"167":2,"168":2,"169":4,"170":4,"171":4,"172":4,"173":4,"174":4,"175":1,"176":3,"177":4,"178":4,"179":4,"180":8,"181":8,"182":55,"183":55,"184":8,"185":2,"186":2,"187":10,"188":10,"189":2,"190":6,"191":9,"192":3,"193":3,"194":3,"195":3,"196":3,"197":3,"198":3,"199":3,"200":3,"201":1,"202":2,"203":2,"204":3,"205":6,"206":6,"207":6,"208":6,"209":6,"210":6,"211":3,"212":3,"213":3,"214":3,"215":3,"216":3,"217":3,"218":3,"219":3,"220":3,"221":3,"222":3,"223":9,"224":9,"225":9},"f":{"0":9,"1":0,"2":4,"3":40,"4":1,"5":3,"6":4,"7":31,"8":5,"9":3,"10":9,"11":4,"12":4,"13":5,"14":12,"15":6,"16":8,"17":16,"18":7,"19":6,"20":8,"21":2,"22":6,"23":6,"24":3,"25":9},"b":{"0":[1,1],"1":[1,3],"2":[4,3],"3":[1,1],"4":[3,2],"5":[1,1],"6":[2,1],"7":[1,2],"8":[3,2],"9":[1,3],"10":[1,1],"11":[1,3],"12":[1,1],"13":[1,4],"14":[5,4,4],"15":[1,2],"16":[3,2],"17":[1,1],"18":[2,1],"19":[3,6],"20":[9,9],"21":[1,7],"22":[8,7],"23":[117,0],"24":[117,117],"25":[6,0],"26":[2,4],"27":[6,6],"28":[1,3],"29":[3,6],"30":[3,0],"31":[1,2],"32":[6,0],"33":[3,3],"34":[3,0],"35":[3,0],"36":[3,0]},"inputSourceMap":null,"_coverageSchema":"1a1c01bbd47fc00a2c39e90264f33305004495a9","hash":"ad207aba1eef8ad31f63d7ddcf5dd98f2fa9698c"}
,"/home/azureuser/cpen321/RunIO/backend/runio-401718-firebase-adminsdk-ezjsi-797731a4a0.js": {"path":"/home/azureuser/cpen321/RunIO/backend/runio-401718-firebase-adminsdk-ezjsi-797731a4a0.js","statementMap":{},"fnMap":{},"branchMap":{},"s":{},"f":{},"b":{},"inputSourceMap":null,"_coverageSchema":"1a1c01bbd47fc00a2c39e90264f33305004495a9","hash":"21601e07ec7f1686d51decaf139c5ef6eaf4c313"}
}
