TN:
SF:app.js
FN:14,sendNotification
FN:26,(anonymous_1)
FN:29,(anonymous_2)
FN:35,createColor
FN:71,(anonymous_4)
FN:76,(anonymous_5)
FN:102,(anonymous_6)
FN:125,isValidObjectId
FN:133,(anonymous_8)
FN:163,(anonymous_9)
FN:168,(anonymous_10)
FN:187,(anonymous_11)
FN:206,(anonymous_12)
FN:229,(anonymous_13)
FN:238,(anonymous_14)
FN:269,notifyLobby
FN:299,(anonymous_16)
FN:360,pathToPolygon
FN:383,updateLobbyMaps
FN:414,unionLand
FN:445,polygonToLand
FN:460,polygonToLand2
FN:478,subtractLand
FN:523,updatePlayerStats
FN:551,updatePlayerLobbyStats
FN:586,updateMapInLobby
FNF:26
FNH:25
FNDA:9,sendNotification
FNDA:0,(anonymous_1)
FNDA:4,(anonymous_2)
FNDA:40,createColor
FNDA:1,(anonymous_4)
FNDA:3,(anonymous_5)
FNDA:4,(anonymous_6)
FNDA:31,isValidObjectId
FNDA:5,(anonymous_8)
FNDA:3,(anonymous_9)
FNDA:9,(anonymous_10)
FNDA:4,(anonymous_11)
FNDA:4,(anonymous_12)
FNDA:5,(anonymous_13)
FNDA:12,(anonymous_14)
FNDA:6,notifyLobby
FNDA:8,(anonymous_16)
FNDA:16,pathToPolygon
FNDA:7,updateLobbyMaps
FNDA:6,unionLand
FNDA:8,polygonToLand
FNDA:2,polygonToLand2
FNDA:6,subtractLand
FNDA:6,updatePlayerStats
FNDA:3,updatePlayerLobbyStats
FNDA:9,updateMapInLobby
DA:9,4
DA:15,9
DA:23,9
DA:39,40
DA:40,40
DA:41,40
DA:44,40
DA:45,40
DA:48,4
DA:49,4
DA:50,4
DA:51,4
DA:52,4
DA:53,4
DA:54,4
DA:55,4
DA:56,4
DA:57,4
DA:58,4
DA:60,4
DA:62,4
DA:63,4
DA:65,4
DA:66,4
DA:68,4
DA:71,4
DA:72,1
DA:76,4
DA:78,3
DA:79,3
DA:80,3
DA:86,3
DA:88,2
DA:89,1
DA:90,1
DA:92,1
DA:93,1
DA:97,1
DA:102,4
DA:104,4
DA:105,4
DA:107,4
DA:108,1
DA:111,3
DA:113,2
DA:114,1
DA:115,1
DA:117,1
DA:120,1
DA:127,31
DA:130,31
DA:133,4
DA:134,5
DA:135,5
DA:143,5
DA:144,3
DA:145,2
DA:146,1
DA:148,1
DA:151,3
DA:152,2
DA:154,1
DA:158,1
DA:163,4
DA:164,3
DA:165,3
DA:166,3
DA:168,9
DA:169,1
DA:172,2
DA:173,2
DA:176,1
DA:178,1
DA:182,1
DA:187,4
DA:188,4
DA:189,4
DA:191,4
DA:192,1
DA:194,3
DA:195,2
DA:196,1
DA:198,1
DA:201,1
DA:206,4
DA:207,4
DA:208,4
DA:210,4
DA:211,1
DA:214,3
DA:218,2
DA:219,1
DA:221,1
DA:224,1
DA:229,4
DA:230,5
DA:232,5
DA:233,5
DA:234,5
DA:236,5
DA:238,12
DA:239,1
DA:244,4
DA:245,3
DA:246,3
DA:247,1
DA:250,2
DA:252,1
DA:255,1
DA:256,1
DA:258,1
DA:259,1
DA:261,1
DA:264,1
DA:270,6
DA:271,6
DA:272,6
DA:273,6
DA:274,6
DA:275,6
DA:276,6
DA:277,6
DA:278,9
DA:279,9
DA:280,3
DA:281,3
DA:285,6
DA:286,6
DA:289,6
DA:290,3
DA:291,3
DA:292,3
DA:299,4
DA:300,8
DA:301,8
DA:302,8
DA:305,8
DA:306,1
DA:312,7
DA:313,7
DA:341,7
DA:344,6
DA:351,6
DA:352,6
DA:355,1
DA:362,16
DA:364,16
DA:366,117
DA:367,117
DA:368,117
DA:369,117
DA:372,16
DA:377,16
DA:379,16
DA:384,7
DA:386,6
DA:387,6
DA:389,6
DA:392,6
DA:393,6
DA:398,6
DA:401,6
DA:404,6
DA:415,6
DA:416,2
DA:417,2
DA:418,2
DA:419,2
DA:421,4
DA:422,4
DA:423,4
DA:424,4
DA:426,4
DA:428,4
DA:429,1
DA:432,3
DA:436,4
DA:439,4
DA:441,4
DA:447,8
DA:448,8
DA:449,55
DA:454,55
DA:456,8
DA:462,2
DA:466,2
DA:467,10
DA:472,10
DA:474,2
DA:483,6
DA:485,9
DA:486,3
DA:490,3
DA:491,3
DA:492,3
DA:493,3
DA:495,3
DA:497,3
DA:502,3
DA:503,3
DA:508,1
DA:509,2
DA:512,2
DA:516,3
DA:524,6
DA:525,6
DA:526,6
DA:527,6
DA:529,6
DA:531,6
DA:534,3
DA:535,3
DA:537,3
DA:552,3
DA:554,3
DA:555,3
DA:557,3
DA:559,3
DA:560,3
DA:563,3
DA:565,3
DA:567,3
DA:591,9
DA:592,9
DA:593,9
LF:225
LH:225
BRDA:88,0,0,1
BRDA:88,0,1,1
BRDA:107,1,0,1
BRDA:107,1,1,3
BRDA:107,2,0,4
BRDA:107,2,1,3
BRDA:113,3,0,1
BRDA:113,3,1,1
BRDA:143,4,0,3
BRDA:143,4,1,2
BRDA:145,5,0,1
BRDA:145,5,1,1
BRDA:151,6,0,2
BRDA:151,6,1,1
BRDA:168,7,0,1
BRDA:168,7,1,2
BRDA:168,8,0,3
BRDA:168,8,1,2
BRDA:191,9,0,1
BRDA:191,9,1,3
BRDA:195,10,0,1
BRDA:195,10,1,1
BRDA:210,11,0,1
BRDA:210,11,1,3
BRDA:218,12,0,1
BRDA:218,12,1,1
BRDA:236,13,0,1
BRDA:236,13,1,4
BRDA:236,14,0,5
BRDA:236,14,1,4
BRDA:236,14,2,4
BRDA:246,15,0,1
BRDA:246,15,1,2
BRDA:246,16,0,3
BRDA:246,16,1,2
BRDA:250,17,0,1
BRDA:250,17,1,1
BRDA:250,18,0,2
BRDA:250,18,1,1
BRDA:279,19,0,3
BRDA:279,19,1,6
BRDA:279,20,0,9
BRDA:279,20,1,9
BRDA:305,21,0,1
BRDA:305,21,1,7
BRDA:305,22,0,8
BRDA:305,22,1,7
BRDA:366,23,0,117
BRDA:366,23,1,0
BRDA:366,24,0,117
BRDA:366,24,1,117
BRDA:386,25,0,6
BRDA:386,25,1,0
BRDA:415,26,0,2
BRDA:415,26,1,4
BRDA:415,27,0,6
BRDA:415,27,1,6
BRDA:428,28,0,1
BRDA:428,28,1,3
BRDA:485,29,0,3
BRDA:485,29,1,6
BRDA:502,30,0,3
BRDA:502,30,1,0
BRDA:503,31,0,1
BRDA:503,31,1,2
BRDA:525,32,0,6
BRDA:525,32,1,0
BRDA:531,33,0,3
BRDA:531,33,1,3
BRDA:554,34,0,3
BRDA:554,34,1,0
BRDA:557,35,0,3
BRDA:557,35,1,0
BRDA:567,36,0,3
BRDA:567,36,1,0
BRF:75
BRH:68
end_of_record
TN:
SF:runio-401718-firebase-adminsdk-ezjsi-797731a4a0.js
FNF:0
FNH:0
LF:0
LH:0
BRF:0
BRH:0
end_of_record
